[2026-02-20T01:27:28.739+0000] {local_task_job_runner.py:120} INFO - ::group::Pre task execution logs
[2026-02-20T01:27:28.773+0000] {taskinstance.py:2076} INFO - Dependencies all met for dep_context=non-requeueable deps ti=<TaskInstance: weather_nb_daily_pipeline.run_dq_and_report manual__2026-02-20T01:27:19.696524+00:00 [queued]>
[2026-02-20T01:27:28.781+0000] {taskinstance.py:2076} INFO - Dependencies all met for dep_context=requeueable deps ti=<TaskInstance: weather_nb_daily_pipeline.run_dq_and_report manual__2026-02-20T01:27:19.696524+00:00 [queued]>
[2026-02-20T01:27:28.781+0000] {taskinstance.py:2306} INFO - Starting attempt 1 of 1
[2026-02-20T01:27:28.793+0000] {taskinstance.py:2330} INFO - Executing <Task(BashOperator): run_dq_and_report> on 2026-02-20 01:27:19.696524+00:00
[2026-02-20T01:27:28.799+0000] {standard_task_runner.py:90} INFO - Running: ['airflow', 'tasks', 'run', 'weather_nb_daily_pipeline', 'run_dq_and_report', 'manual__2026-02-20T01:27:19.696524+00:00', '--job-id', '9', '--raw', '--subdir', 'DAGS_FOLDER/weather_nb_pipeline.py', '--cfg-path', '/tmp/tmpazpvblbo']
[2026-02-20T01:27:28.801+0000] {standard_task_runner.py:91} INFO - Job 9: Subtask run_dq_and_report
[2026-02-20T01:27:28.801+0000] {logging_mixin.py:188} WARNING - /home/airflow/.local/lib/python3.12/site-packages/airflow/task/task_runner/standard_task_runner.py:62 DeprecationWarning: This process (pid=259) is multi-threaded, use of fork() may lead to deadlocks in the child.
[2026-02-20T01:27:28.802+0000] {standard_task_runner.py:64} INFO - Started process 260 to run task
[2026-02-20T01:27:28.864+0000] {task_command.py:426} INFO - Running <TaskInstance: weather_nb_daily_pipeline.run_dq_and_report manual__2026-02-20T01:27:19.696524+00:00 [running]> on host 4e083851107f
[2026-02-20T01:27:28.986+0000] {taskinstance.py:2648} INFO - Exporting env vars: AIRFLOW_CTX_DAG_OWNER='airflow' AIRFLOW_CTX_DAG_ID='weather_nb_daily_pipeline' AIRFLOW_CTX_TASK_ID='run_dq_and_report' AIRFLOW_CTX_EXECUTION_DATE='2026-02-20T01:27:19.696524+00:00' AIRFLOW_CTX_TRY_NUMBER='1' AIRFLOW_CTX_DAG_RUN_ID='manual__2026-02-20T01:27:19.696524+00:00'
[2026-02-20T01:27:28.988+0000] {taskinstance.py:430} INFO - ::endgroup::
[2026-02-20T01:27:29.009+0000] {subprocess.py:63} INFO - Tmp dir *** location: /tmp
[2026-02-20T01:27:29.010+0000] {subprocess.py:75} INFO - Running command: ['/usr/bin/bash', '-c', 'cd /opt/airflow/project && python run_dq_and_report.py']
[2026-02-20T01:27:29.019+0000] {subprocess.py:86} INFO - Output:
[2026-02-20T01:27:30.330+0000] {subprocess.py:93} INFO - Traceback (most recent call last):
[2026-02-20T01:27:30.331+0000] {subprocess.py:93} INFO -   File "/home/airflow/.local/lib/python3.12/site-packages/sqlalchemy/engine/base.py", line 1890, in _execute_context
[2026-02-20T01:27:30.332+0000] {subprocess.py:93} INFO -     self.dialect.do_executemany(
[2026-02-20T01:27:30.332+0000] {subprocess.py:93} INFO -   File "/home/airflow/.local/lib/python3.12/site-packages/sqlalchemy/dialects/postgresql/psycopg2.py", line 1000, in do_executemany
[2026-02-20T01:27:30.333+0000] {subprocess.py:93} INFO -     cursor.executemany(statement, parameters)
[2026-02-20T01:27:30.334+0000] {subprocess.py:93} INFO - psycopg2.errors.UndefinedTable: relation "dq_results" does not exist
[2026-02-20T01:27:30.334+0000] {subprocess.py:93} INFO - LINE 2:           INSERT INTO dq_results (run_id, check_name, status...
[2026-02-20T01:27:30.334+0000] {subprocess.py:93} INFO -                               ^
[2026-02-20T01:27:30.335+0000] {subprocess.py:93} INFO - 
[2026-02-20T01:27:30.335+0000] {subprocess.py:93} INFO - 
[2026-02-20T01:27:30.336+0000] {subprocess.py:93} INFO - The above exception was the direct cause of the following exception:
[2026-02-20T01:27:30.336+0000] {subprocess.py:93} INFO - 
[2026-02-20T01:27:30.337+0000] {subprocess.py:93} INFO - Traceback (most recent call last):
[2026-02-20T01:27:30.337+0000] {subprocess.py:93} INFO -   File "/opt/airflow/project/run_dq_and_report.py", line 107, in <module>
[2026-02-20T01:27:30.337+0000] {subprocess.py:93} INFO -     conn.execute(
[2026-02-20T01:27:30.338+0000] {subprocess.py:93} INFO -   File "/home/airflow/.local/lib/python3.12/site-packages/sqlalchemy/engine/base.py", line 1385, in execute
[2026-02-20T01:27:30.338+0000] {subprocess.py:93} INFO -     return meth(self, multiparams, params, _EMPTY_EXECUTION_OPTS)
[2026-02-20T01:27:30.338+0000] {subprocess.py:93} INFO -            ^^^^^^^^^^^^^^^^^^^^^^^^^^^^^^^^^^^^^^^^^^^^^^^^^^^^^^
[2026-02-20T01:27:30.339+0000] {subprocess.py:93} INFO -   File "/home/airflow/.local/lib/python3.12/site-packages/sqlalchemy/sql/elements.py", line 334, in _execute_on_connection
[2026-02-20T01:27:30.339+0000] {subprocess.py:93} INFO -     return connection._execute_clauseelement(
[2026-02-20T01:27:30.339+0000] {subprocess.py:93} INFO -            ^^^^^^^^^^^^^^^^^^^^^^^^^^^^^^^^^^
[2026-02-20T01:27:30.340+0000] {subprocess.py:93} INFO -   File "/home/airflow/.local/lib/python3.12/site-packages/sqlalchemy/engine/base.py", line 1577, in _execute_clauseelement
[2026-02-20T01:27:30.340+0000] {subprocess.py:93} INFO -     ret = self._execute_context(
[2026-02-20T01:27:30.340+0000] {subprocess.py:93} INFO -           ^^^^^^^^^^^^^^^^^^^^^^
[2026-02-20T01:27:30.341+0000] {subprocess.py:93} INFO -   File "/home/airflow/.local/lib/python3.12/site-packages/sqlalchemy/engine/base.py", line 1953, in _execute_context
[2026-02-20T01:27:30.341+0000] {subprocess.py:93} INFO -     self._handle_dbapi_exception(
[2026-02-20T01:27:30.341+0000] {subprocess.py:93} INFO -   File "/home/airflow/.local/lib/python3.12/site-packages/sqlalchemy/engine/base.py", line 2134, in _handle_dbapi_exception
[2026-02-20T01:27:30.342+0000] {subprocess.py:93} INFO -     util.raise_(
[2026-02-20T01:27:30.342+0000] {subprocess.py:93} INFO -   File "/home/airflow/.local/lib/python3.12/site-packages/sqlalchemy/util/compat.py", line 211, in raise_
[2026-02-20T01:27:30.342+0000] {subprocess.py:93} INFO -     raise exception
[2026-02-20T01:27:30.343+0000] {subprocess.py:93} INFO -   File "/home/airflow/.local/lib/python3.12/site-packages/sqlalchemy/engine/base.py", line 1890, in _execute_context
[2026-02-20T01:27:30.343+0000] {subprocess.py:93} INFO -     self.dialect.do_executemany(
[2026-02-20T01:27:30.344+0000] {subprocess.py:93} INFO -   File "/home/airflow/.local/lib/python3.12/site-packages/sqlalchemy/dialects/postgresql/psycopg2.py", line 1000, in do_executemany
[2026-02-20T01:27:30.344+0000] {subprocess.py:93} INFO -     cursor.executemany(statement, parameters)
[2026-02-20T01:27:30.344+0000] {subprocess.py:93} INFO - sqlalchemy.exc.ProgrammingError: (psycopg2.errors.UndefinedTable) relation "dq_results" does not exist
[2026-02-20T01:27:30.345+0000] {subprocess.py:93} INFO - LINE 2:           INSERT INTO dq_results (run_id, check_name, status...
[2026-02-20T01:27:30.345+0000] {subprocess.py:93} INFO -                               ^
[2026-02-20T01:27:30.345+0000] {subprocess.py:93} INFO - 
[2026-02-20T01:27:30.346+0000] {subprocess.py:93} INFO - [SQL:
[2026-02-20T01:27:30.346+0000] {subprocess.py:93} INFO -           INSERT INTO dq_results (run_id, check_name, status, metric_value, message)
[2026-02-20T01:27:30.347+0000] {subprocess.py:93} INFO -           VALUES (%(run_id)s, %(check_name)s, %(status)s, %(metric_value)s, %(message)s)
[2026-02-20T01:27:30.347+0000] {subprocess.py:93} INFO -         ]
[2026-02-20T01:27:30.347+0000] {subprocess.py:93} INFO - [parameters: ({'run_id': '20260220_012730', 'check_name': 'null_temp', 'status': 'PASS', 'metric_value': 0.0, 'message': 'ok'}, {'run_id': '20260220_012730', 'check_name': 'null_humidity', 'status': 'PASS', 'metric_value': 0.0, 'message': 'ok'}, {'run_id': '20260220_012730', 'check_name': 'null_pressure', 'status': 'PASS', 'metric_value': 0.0, 'message': 'ok'}, {'run_id': '20260220_012730', 'check_name': 'temp_range', 'status': 'PASS', 'metric_value': 0.0, 'message': 'ok'}, {'run_id': '20260220_012730', 'check_name': 'humidity_range', 'status': 'PASS', 'metric_value': 0.0, 'message': 'ok'}, {'run_id': '20260220_012730', 'check_name': 'pressure_range', 'status': 'PASS', 'metric_value': 0.0, 'message': 'ok'}, {'run_id': '20260220_012730', 'check_name': 'duplicates_city_time', 'status': 'FAIL', 'metric_value': 9.0, 'message': 'check failed, metric=9.0'}, {'run_id': '20260220_012730', 'check_name': 'freshness_today', 'status': 'PASS', 'metric_value': 0.0, 'message': 'ok'})]
[2026-02-20T01:27:30.348+0000] {subprocess.py:93} INFO - (Background on this error at: https://sqlalche.me/e/14/f405)
[2026-02-20T01:27:30.450+0000] {subprocess.py:97} INFO - Command exited with return code 1
[2026-02-20T01:27:30.451+0000] {taskinstance.py:441} INFO - ::group::Post task execution logs
[2026-02-20T01:27:30.464+0000] {taskinstance.py:2905} ERROR - Task failed with exception
Traceback (most recent call last):
  File "/home/airflow/.local/lib/python3.12/site-packages/airflow/models/taskinstance.py", line 465, in _execute_task
    result = _execute_callable(context=context, **execute_callable_kwargs)
             ^^^^^^^^^^^^^^^^^^^^^^^^^^^^^^^^^^^^^^^^^^^^^^^^^^^^^^^^^^^^^
  File "/home/airflow/.local/lib/python3.12/site-packages/airflow/models/taskinstance.py", line 432, in _execute_callable
    return execute_callable(context=context, **execute_callable_kwargs)
           ^^^^^^^^^^^^^^^^^^^^^^^^^^^^^^^^^^^^^^^^^^^^^^^^^^^^^^^^^^^^
  File "/home/airflow/.local/lib/python3.12/site-packages/airflow/models/baseoperator.py", line 401, in wrapper
    return func(self, *args, **kwargs)
           ^^^^^^^^^^^^^^^^^^^^^^^^^^^
  File "/home/airflow/.local/lib/python3.12/site-packages/airflow/operators/bash.py", line 243, in execute
    raise AirflowException(
airflow.exceptions.AirflowException: Bash command failed. The command returned a non-zero exit code 1.
[2026-02-20T01:27:30.468+0000] {taskinstance.py:1206} INFO - Marking task as FAILED. dag_id=weather_nb_daily_pipeline, task_id=run_dq_and_report, run_id=manual__2026-02-20T01:27:19.696524+00:00, execution_date=20260220T012719, start_date=20260220T012728, end_date=20260220T012730
[2026-02-20T01:27:30.480+0000] {standard_task_runner.py:110} ERROR - Failed to execute job 9 for task run_dq_and_report (Bash command failed. The command returned a non-zero exit code 1.; 260)
[2026-02-20T01:27:30.513+0000] {local_task_job_runner.py:243} INFO - Task exited with return code 1
[2026-02-20T01:27:30.530+0000] {taskinstance.py:3503} INFO - 0 downstream tasks scheduled from follow-on schedule check
[2026-02-20T01:27:30.533+0000] {local_task_job_runner.py:222} INFO - ::endgroup::
