[2026-02-12T02:05:06.450+0000] {local_task_job_runner.py:120} INFO - ::group::Pre task execution logs
[2026-02-12T02:05:06.496+0000] {taskinstance.py:2076} INFO - Dependencies all met for dep_context=non-requeueable deps ti=<TaskInstance: weather_nb_daily_pipeline.load_to_postgres manual__2026-02-12T02:04:59.104971+00:00 [queued]>
[2026-02-12T02:05:06.505+0000] {taskinstance.py:2076} INFO - Dependencies all met for dep_context=requeueable deps ti=<TaskInstance: weather_nb_daily_pipeline.load_to_postgres manual__2026-02-12T02:04:59.104971+00:00 [queued]>
[2026-02-12T02:05:06.506+0000] {taskinstance.py:2306} INFO - Starting attempt 1 of 1
[2026-02-12T02:05:06.520+0000] {taskinstance.py:2330} INFO - Executing <Task(BashOperator): load_to_postgres> on 2026-02-12 02:04:59.104971+00:00
[2026-02-12T02:05:06.528+0000] {standard_task_runner.py:90} INFO - Running: ['airflow', 'tasks', 'run', 'weather_nb_daily_pipeline', 'load_to_postgres', 'manual__2026-02-12T02:04:59.104971+00:00', '--job-id', '28', '--raw', '--subdir', 'DAGS_FOLDER/weather_nb_pipeline.py', '--cfg-path', '/tmp/tmpeqqse_qg']
[2026-02-12T02:05:06.531+0000] {logging_mixin.py:188} WARNING - /home/airflow/.local/lib/python3.12/site-packages/airflow/task/task_runner/standard_task_runner.py:62 DeprecationWarning: This process (pid=196) is multi-threaded, use of fork() may lead to deadlocks in the child.
[2026-02-12T02:05:06.531+0000] {standard_task_runner.py:91} INFO - Job 28: Subtask load_to_postgres
[2026-02-12T02:05:06.532+0000] {standard_task_runner.py:64} INFO - Started process 197 to run task
[2026-02-12T02:05:06.604+0000] {task_command.py:426} INFO - Running <TaskInstance: weather_nb_daily_pipeline.load_to_postgres manual__2026-02-12T02:04:59.104971+00:00 [running]> on host 854332f8dbb5
[2026-02-12T02:05:06.712+0000] {taskinstance.py:2648} INFO - Exporting env vars: AIRFLOW_CTX_DAG_OWNER='airflow' AIRFLOW_CTX_DAG_ID='weather_nb_daily_pipeline' AIRFLOW_CTX_TASK_ID='load_to_postgres' AIRFLOW_CTX_EXECUTION_DATE='2026-02-12T02:04:59.104971+00:00' AIRFLOW_CTX_TRY_NUMBER='1' AIRFLOW_CTX_DAG_RUN_ID='manual__2026-02-12T02:04:59.104971+00:00'
[2026-02-12T02:05:06.713+0000] {taskinstance.py:430} INFO - ::endgroup::
[2026-02-12T02:05:06.729+0000] {subprocess.py:63} INFO - Tmp dir *** location: /tmp
[2026-02-12T02:05:06.731+0000] {subprocess.py:75} INFO - Running command: ['/usr/bin/bash', '-c', 'cd /opt/airflow/project && python load_nb_to_postgres.py']
[2026-02-12T02:05:06.740+0000] {subprocess.py:86} INFO - Output:
[2026-02-12T02:05:08.204+0000] {subprocess.py:93} INFO - Traceback (most recent call last):
[2026-02-12T02:05:08.204+0000] {subprocess.py:93} INFO -   File "/home/airflow/.local/lib/python3.12/site-packages/sqlalchemy/engine/base.py", line 3371, in _wrap_pool_connect
[2026-02-12T02:05:08.205+0000] {subprocess.py:93} INFO -     return fn()
[2026-02-12T02:05:08.206+0000] {subprocess.py:93} INFO -            ^^^^
[2026-02-12T02:05:08.206+0000] {subprocess.py:93} INFO -   File "/home/airflow/.local/lib/python3.12/site-packages/sqlalchemy/pool/base.py", line 327, in connect
[2026-02-12T02:05:08.207+0000] {subprocess.py:93} INFO -     return _ConnectionFairy._checkout(self)
[2026-02-12T02:05:08.207+0000] {subprocess.py:93} INFO -            ^^^^^^^^^^^^^^^^^^^^^^^^^^^^^^^^
[2026-02-12T02:05:08.208+0000] {subprocess.py:93} INFO -   File "/home/airflow/.local/lib/python3.12/site-packages/sqlalchemy/pool/base.py", line 894, in _checkout
[2026-02-12T02:05:08.208+0000] {subprocess.py:93} INFO -     fairy = _ConnectionRecord.checkout(pool)
[2026-02-12T02:05:08.209+0000] {subprocess.py:93} INFO -             ^^^^^^^^^^^^^^^^^^^^^^^^^^^^^^^^
[2026-02-12T02:05:08.210+0000] {subprocess.py:93} INFO -   File "/home/airflow/.local/lib/python3.12/site-packages/sqlalchemy/pool/base.py", line 493, in checkout
[2026-02-12T02:05:08.210+0000] {subprocess.py:93} INFO -     rec = pool._do_get()
[2026-02-12T02:05:08.211+0000] {subprocess.py:93} INFO -           ^^^^^^^^^^^^^^
[2026-02-12T02:05:08.211+0000] {subprocess.py:93} INFO -   File "/home/airflow/.local/lib/python3.12/site-packages/sqlalchemy/pool/impl.py", line 145, in _do_get
[2026-02-12T02:05:08.212+0000] {subprocess.py:93} INFO -     with util.safe_reraise():
[2026-02-12T02:05:08.212+0000] {subprocess.py:93} INFO -   File "/home/airflow/.local/lib/python3.12/site-packages/sqlalchemy/util/langhelpers.py", line 70, in __exit__
[2026-02-12T02:05:08.213+0000] {subprocess.py:93} INFO -     compat.raise_(
[2026-02-12T02:05:08.213+0000] {subprocess.py:93} INFO -   File "/home/airflow/.local/lib/python3.12/site-packages/sqlalchemy/util/compat.py", line 211, in raise_
[2026-02-12T02:05:08.214+0000] {subprocess.py:93} INFO -     raise exception
[2026-02-12T02:05:08.215+0000] {subprocess.py:93} INFO -   File "/home/airflow/.local/lib/python3.12/site-packages/sqlalchemy/pool/impl.py", line 143, in _do_get
[2026-02-12T02:05:08.215+0000] {subprocess.py:93} INFO -     return self._create_connection()
[2026-02-12T02:05:08.216+0000] {subprocess.py:93} INFO -            ^^^^^^^^^^^^^^^^^^^^^^^^^
[2026-02-12T02:05:08.216+0000] {subprocess.py:93} INFO -   File "/home/airflow/.local/lib/python3.12/site-packages/sqlalchemy/pool/base.py", line 273, in _create_connection
[2026-02-12T02:05:08.217+0000] {subprocess.py:93} INFO -     return _ConnectionRecord(self)
[2026-02-12T02:05:08.218+0000] {subprocess.py:93} INFO -            ^^^^^^^^^^^^^^^^^^^^^^^
[2026-02-12T02:05:08.218+0000] {subprocess.py:93} INFO -   File "/home/airflow/.local/lib/python3.12/site-packages/sqlalchemy/pool/base.py", line 388, in __init__
[2026-02-12T02:05:08.218+0000] {subprocess.py:93} INFO -     self.__connect()
[2026-02-12T02:05:08.219+0000] {subprocess.py:93} INFO -   File "/home/airflow/.local/lib/python3.12/site-packages/sqlalchemy/pool/base.py", line 690, in __connect
[2026-02-12T02:05:08.219+0000] {subprocess.py:93} INFO -     with util.safe_reraise():
[2026-02-12T02:05:08.220+0000] {subprocess.py:93} INFO -   File "/home/airflow/.local/lib/python3.12/site-packages/sqlalchemy/util/langhelpers.py", line 70, in __exit__
[2026-02-12T02:05:08.220+0000] {subprocess.py:93} INFO -     compat.raise_(
[2026-02-12T02:05:08.221+0000] {subprocess.py:93} INFO -   File "/home/airflow/.local/lib/python3.12/site-packages/sqlalchemy/util/compat.py", line 211, in raise_
[2026-02-12T02:05:08.222+0000] {subprocess.py:93} INFO -     raise exception
[2026-02-12T02:05:08.222+0000] {subprocess.py:93} INFO -   File "/home/airflow/.local/lib/python3.12/site-packages/sqlalchemy/pool/base.py", line 686, in __connect
[2026-02-12T02:05:08.223+0000] {subprocess.py:93} INFO -     self.dbapi_connection = connection = pool._invoke_creator(self)
[2026-02-12T02:05:08.224+0000] {subprocess.py:93} INFO -                                          ^^^^^^^^^^^^^^^^^^^^^^^^^^
[2026-02-12T02:05:08.224+0000] {subprocess.py:93} INFO -   File "/home/airflow/.local/lib/python3.12/site-packages/sqlalchemy/engine/create.py", line 574, in connect
[2026-02-12T02:05:08.225+0000] {subprocess.py:93} INFO -     return dialect.connect(*cargs, **cparams)
[2026-02-12T02:05:08.225+0000] {subprocess.py:93} INFO -            ^^^^^^^^^^^^^^^^^^^^^^^^^^^^^^^^^^
[2026-02-12T02:05:08.226+0000] {subprocess.py:93} INFO -   File "/home/airflow/.local/lib/python3.12/site-packages/sqlalchemy/engine/default.py", line 598, in connect
[2026-02-12T02:05:08.226+0000] {subprocess.py:93} INFO -     return self.dbapi.connect(*cargs, **cparams)
[2026-02-12T02:05:08.227+0000] {subprocess.py:93} INFO -            ^^^^^^^^^^^^^^^^^^^^^^^^^^^^^^^^^^^^^
[2026-02-12T02:05:08.227+0000] {subprocess.py:93} INFO -   File "/home/airflow/.local/lib/python3.12/site-packages/psycopg2/__init__.py", line 122, in connect
[2026-02-12T02:05:08.228+0000] {subprocess.py:93} INFO -     conn = _connect(dsn, connection_factory=connection_factory, **kwasync)
[2026-02-12T02:05:08.228+0000] {subprocess.py:93} INFO -            ^^^^^^^^^^^^^^^^^^^^^^^^^^^^^^^^^^^^^^^^^^^^^^^^^^^^^^^^^^^^^^^
[2026-02-12T02:05:08.229+0000] {subprocess.py:93} INFO - psycopg2.OperationalError: connection to server at "localhost" (::1), port 5432 failed: Connection refused
[2026-02-12T02:05:08.230+0000] {subprocess.py:93} INFO - 	Is the server running on that host and accepting TCP/IP connections?
[2026-02-12T02:05:08.230+0000] {subprocess.py:93} INFO - connection to server at "localhost" (127.0.0.1), port 5432 failed: Connection refused
[2026-02-12T02:05:08.231+0000] {subprocess.py:93} INFO - 	Is the server running on that host and accepting TCP/IP connections?
[2026-02-12T02:05:08.232+0000] {subprocess.py:93} INFO - 
[2026-02-12T02:05:08.232+0000] {subprocess.py:93} INFO - 
[2026-02-12T02:05:08.232+0000] {subprocess.py:93} INFO - The above exception was the direct cause of the following exception:
[2026-02-12T02:05:08.233+0000] {subprocess.py:93} INFO - 
[2026-02-12T02:05:08.234+0000] {subprocess.py:93} INFO - Traceback (most recent call last):
[2026-02-12T02:05:08.234+0000] {subprocess.py:93} INFO -   File "/opt/airflow/project/load_nb_to_postgres.py", line 28, in <module>
[2026-02-12T02:05:08.235+0000] {subprocess.py:93} INFO -     df.to_sql("weather_nb", engine, if_exists="append", index=False)
[2026-02-12T02:05:08.235+0000] {subprocess.py:93} INFO -   File "/home/airflow/.local/lib/python3.12/site-packages/pandas/util/_decorators.py", line 333, in wrapper
[2026-02-12T02:05:08.236+0000] {subprocess.py:93} INFO -     return func(*args, **kwargs)
[2026-02-12T02:05:08.237+0000] {subprocess.py:93} INFO -            ^^^^^^^^^^^^^^^^^^^^^
[2026-02-12T02:05:08.238+0000] {subprocess.py:93} INFO -   File "/home/airflow/.local/lib/python3.12/site-packages/pandas/core/generic.py", line 3008, in to_sql
[2026-02-12T02:05:08.239+0000] {subprocess.py:93} INFO -     return sql.to_sql(
[2026-02-12T02:05:08.239+0000] {subprocess.py:93} INFO -            ^^^^^^^^^^^
[2026-02-12T02:05:08.240+0000] {subprocess.py:93} INFO -   File "/home/airflow/.local/lib/python3.12/site-packages/pandas/io/sql.py", line 787, in to_sql
[2026-02-12T02:05:08.240+0000] {subprocess.py:93} INFO -     with pandasSQL_builder(con, schema=schema, need_transaction=True) as pandas_sql:
[2026-02-12T02:05:08.240+0000] {subprocess.py:93} INFO -          ^^^^^^^^^^^^^^^^^^^^^^^^^^^^^^^^^^^^^^^^^^^^^^^^^^^^^^^^^^^^
[2026-02-12T02:05:08.241+0000] {subprocess.py:93} INFO -   File "/home/airflow/.local/lib/python3.12/site-packages/pandas/io/sql.py", line 851, in pandasSQL_builder
[2026-02-12T02:05:08.241+0000] {subprocess.py:93} INFO -     return SQLDatabase(con, schema, need_transaction)
[2026-02-12T02:05:08.242+0000] {subprocess.py:93} INFO -            ^^^^^^^^^^^^^^^^^^^^^^^^^^^^^^^^^^^^^^^^^^
[2026-02-12T02:05:08.242+0000] {subprocess.py:93} INFO -   File "/home/airflow/.local/lib/python3.12/site-packages/pandas/io/sql.py", line 1576, in __init__
[2026-02-12T02:05:08.243+0000] {subprocess.py:93} INFO -     con = self.exit_stack.enter_context(con.connect())
[2026-02-12T02:05:08.243+0000] {subprocess.py:93} INFO -                                         ^^^^^^^^^^^^^
[2026-02-12T02:05:08.244+0000] {subprocess.py:93} INFO -   File "/home/airflow/.local/lib/python3.12/site-packages/sqlalchemy/engine/base.py", line 3325, in connect
[2026-02-12T02:05:08.244+0000] {subprocess.py:93} INFO -     return self._connection_cls(self, close_with_result=close_with_result)
[2026-02-12T02:05:08.245+0000] {subprocess.py:93} INFO -            ^^^^^^^^^^^^^^^^^^^^^^^^^^^^^^^^^^^^^^^^^^^^^^^^^^^^^^^^^^^^^^^
[2026-02-12T02:05:08.245+0000] {subprocess.py:93} INFO -   File "/home/airflow/.local/lib/python3.12/site-packages/sqlalchemy/engine/base.py", line 96, in __init__
[2026-02-12T02:05:08.245+0000] {subprocess.py:93} INFO -     else engine.raw_connection()
[2026-02-12T02:05:08.246+0000] {subprocess.py:93} INFO -          ^^^^^^^^^^^^^^^^^^^^^^^
[2026-02-12T02:05:08.246+0000] {subprocess.py:93} INFO -   File "/home/airflow/.local/lib/python3.12/site-packages/sqlalchemy/engine/base.py", line 3404, in raw_connection
[2026-02-12T02:05:08.247+0000] {subprocess.py:93} INFO -     return self._wrap_pool_connect(self.pool.connect, _connection)
[2026-02-12T02:05:08.247+0000] {subprocess.py:93} INFO -            ^^^^^^^^^^^^^^^^^^^^^^^^^^^^^^^^^^^^^^^^^^^^^^^^^^^^^^^
[2026-02-12T02:05:08.248+0000] {subprocess.py:93} INFO -   File "/home/airflow/.local/lib/python3.12/site-packages/sqlalchemy/engine/base.py", line 3374, in _wrap_pool_connect
[2026-02-12T02:05:08.248+0000] {subprocess.py:93} INFO -     Connection._handle_dbapi_exception_noconnection(
[2026-02-12T02:05:08.249+0000] {subprocess.py:93} INFO -   File "/home/airflow/.local/lib/python3.12/site-packages/sqlalchemy/engine/base.py", line 2208, in _handle_dbapi_exception_noconnection
[2026-02-12T02:05:08.249+0000] {subprocess.py:93} INFO -     util.raise_(
[2026-02-12T02:05:08.250+0000] {subprocess.py:93} INFO -   File "/home/airflow/.local/lib/python3.12/site-packages/sqlalchemy/util/compat.py", line 211, in raise_
[2026-02-12T02:05:08.250+0000] {subprocess.py:93} INFO -     raise exception
[2026-02-12T02:05:08.251+0000] {subprocess.py:93} INFO -   File "/home/airflow/.local/lib/python3.12/site-packages/sqlalchemy/engine/base.py", line 3371, in _wrap_pool_connect
[2026-02-12T02:05:08.251+0000] {subprocess.py:93} INFO -     return fn()
[2026-02-12T02:05:08.252+0000] {subprocess.py:93} INFO -            ^^^^
[2026-02-12T02:05:08.253+0000] {subprocess.py:93} INFO -   File "/home/airflow/.local/lib/python3.12/site-packages/sqlalchemy/pool/base.py", line 327, in connect
[2026-02-12T02:05:08.254+0000] {subprocess.py:93} INFO -     return _ConnectionFairy._checkout(self)
[2026-02-12T02:05:08.255+0000] {subprocess.py:93} INFO -            ^^^^^^^^^^^^^^^^^^^^^^^^^^^^^^^^
[2026-02-12T02:05:08.255+0000] {subprocess.py:93} INFO -   File "/home/airflow/.local/lib/python3.12/site-packages/sqlalchemy/pool/base.py", line 894, in _checkout
[2026-02-12T02:05:08.256+0000] {subprocess.py:93} INFO -     fairy = _ConnectionRecord.checkout(pool)
[2026-02-12T02:05:08.258+0000] {subprocess.py:93} INFO -             ^^^^^^^^^^^^^^^^^^^^^^^^^^^^^^^^
[2026-02-12T02:05:08.258+0000] {subprocess.py:93} INFO -   File "/home/airflow/.local/lib/python3.12/site-packages/sqlalchemy/pool/base.py", line 493, in checkout
[2026-02-12T02:05:08.259+0000] {subprocess.py:93} INFO -     rec = pool._do_get()
[2026-02-12T02:05:08.260+0000] {subprocess.py:93} INFO -           ^^^^^^^^^^^^^^
[2026-02-12T02:05:08.260+0000] {subprocess.py:93} INFO -   File "/home/airflow/.local/lib/python3.12/site-packages/sqlalchemy/pool/impl.py", line 145, in _do_get
[2026-02-12T02:05:08.261+0000] {subprocess.py:93} INFO -     with util.safe_reraise():
[2026-02-12T02:05:08.261+0000] {subprocess.py:93} INFO -   File "/home/airflow/.local/lib/python3.12/site-packages/sqlalchemy/util/langhelpers.py", line 70, in __exit__
[2026-02-12T02:05:08.262+0000] {subprocess.py:93} INFO -     compat.raise_(
[2026-02-12T02:05:08.262+0000] {subprocess.py:93} INFO -   File "/home/airflow/.local/lib/python3.12/site-packages/sqlalchemy/util/compat.py", line 211, in raise_
[2026-02-12T02:05:08.263+0000] {subprocess.py:93} INFO -     raise exception
[2026-02-12T02:05:08.263+0000] {subprocess.py:93} INFO -   File "/home/airflow/.local/lib/python3.12/site-packages/sqlalchemy/pool/impl.py", line 143, in _do_get
[2026-02-12T02:05:08.264+0000] {subprocess.py:93} INFO -     return self._create_connection()
[2026-02-12T02:05:08.265+0000] {subprocess.py:93} INFO -            ^^^^^^^^^^^^^^^^^^^^^^^^^
[2026-02-12T02:05:08.265+0000] {subprocess.py:93} INFO -   File "/home/airflow/.local/lib/python3.12/site-packages/sqlalchemy/pool/base.py", line 273, in _create_connection
[2026-02-12T02:05:08.266+0000] {subprocess.py:93} INFO -     return _ConnectionRecord(self)
[2026-02-12T02:05:08.266+0000] {subprocess.py:93} INFO -            ^^^^^^^^^^^^^^^^^^^^^^^
[2026-02-12T02:05:08.267+0000] {subprocess.py:93} INFO -   File "/home/airflow/.local/lib/python3.12/site-packages/sqlalchemy/pool/base.py", line 388, in __init__
[2026-02-12T02:05:08.268+0000] {subprocess.py:93} INFO -     self.__connect()
[2026-02-12T02:05:08.269+0000] {subprocess.py:93} INFO -   File "/home/airflow/.local/lib/python3.12/site-packages/sqlalchemy/pool/base.py", line 690, in __connect
[2026-02-12T02:05:08.270+0000] {subprocess.py:93} INFO -     with util.safe_reraise():
[2026-02-12T02:05:08.270+0000] {subprocess.py:93} INFO -   File "/home/airflow/.local/lib/python3.12/site-packages/sqlalchemy/util/langhelpers.py", line 70, in __exit__
[2026-02-12T02:05:08.271+0000] {subprocess.py:93} INFO -     compat.raise_(
[2026-02-12T02:05:08.271+0000] {subprocess.py:93} INFO -   File "/home/airflow/.local/lib/python3.12/site-packages/sqlalchemy/util/compat.py", line 211, in raise_
[2026-02-12T02:05:08.272+0000] {subprocess.py:93} INFO -     raise exception
[2026-02-12T02:05:08.273+0000] {subprocess.py:93} INFO -   File "/home/airflow/.local/lib/python3.12/site-packages/sqlalchemy/pool/base.py", line 686, in __connect
[2026-02-12T02:05:08.273+0000] {subprocess.py:93} INFO -     self.dbapi_connection = connection = pool._invoke_creator(self)
[2026-02-12T02:05:08.274+0000] {subprocess.py:93} INFO -                                          ^^^^^^^^^^^^^^^^^^^^^^^^^^
[2026-02-12T02:05:08.274+0000] {subprocess.py:93} INFO -   File "/home/airflow/.local/lib/python3.12/site-packages/sqlalchemy/engine/create.py", line 574, in connect
[2026-02-12T02:05:08.274+0000] {subprocess.py:93} INFO -     return dialect.connect(*cargs, **cparams)
[2026-02-12T02:05:08.275+0000] {subprocess.py:93} INFO -            ^^^^^^^^^^^^^^^^^^^^^^^^^^^^^^^^^^
[2026-02-12T02:05:08.275+0000] {subprocess.py:93} INFO -   File "/home/airflow/.local/lib/python3.12/site-packages/sqlalchemy/engine/default.py", line 598, in connect
[2026-02-12T02:05:08.276+0000] {subprocess.py:93} INFO -     return self.dbapi.connect(*cargs, **cparams)
[2026-02-12T02:05:08.276+0000] {subprocess.py:93} INFO -            ^^^^^^^^^^^^^^^^^^^^^^^^^^^^^^^^^^^^^
[2026-02-12T02:05:08.277+0000] {subprocess.py:93} INFO -   File "/home/airflow/.local/lib/python3.12/site-packages/psycopg2/__init__.py", line 122, in connect
[2026-02-12T02:05:08.278+0000] {subprocess.py:93} INFO -     conn = _connect(dsn, connection_factory=connection_factory, **kwasync)
[2026-02-12T02:05:08.279+0000] {subprocess.py:93} INFO -            ^^^^^^^^^^^^^^^^^^^^^^^^^^^^^^^^^^^^^^^^^^^^^^^^^^^^^^^^^^^^^^^
[2026-02-12T02:05:08.280+0000] {subprocess.py:93} INFO - sqlalchemy.exc.OperationalError: (psycopg2.OperationalError) connection to server at "localhost" (::1), port 5432 failed: Connection refused
[2026-02-12T02:05:08.280+0000] {subprocess.py:93} INFO - 	Is the server running on that host and accepting TCP/IP connections?
[2026-02-12T02:05:08.281+0000] {subprocess.py:93} INFO - connection to server at "localhost" (127.0.0.1), port 5432 failed: Connection refused
[2026-02-12T02:05:08.281+0000] {subprocess.py:93} INFO - 	Is the server running on that host and accepting TCP/IP connections?
[2026-02-12T02:05:08.282+0000] {subprocess.py:93} INFO - 
[2026-02-12T02:05:08.282+0000] {subprocess.py:93} INFO - (Background on this error at: https://sqlalche.me/e/14/e3q8)
[2026-02-12T02:05:08.382+0000] {subprocess.py:97} INFO - Command exited with return code 1
[2026-02-12T02:05:08.383+0000] {taskinstance.py:441} INFO - ::group::Post task execution logs
[2026-02-12T02:05:08.404+0000] {taskinstance.py:2905} ERROR - Task failed with exception
Traceback (most recent call last):
  File "/home/airflow/.local/lib/python3.12/site-packages/airflow/models/taskinstance.py", line 465, in _execute_task
    result = _execute_callable(context=context, **execute_callable_kwargs)
             ^^^^^^^^^^^^^^^^^^^^^^^^^^^^^^^^^^^^^^^^^^^^^^^^^^^^^^^^^^^^^
  File "/home/airflow/.local/lib/python3.12/site-packages/airflow/models/taskinstance.py", line 432, in _execute_callable
    return execute_callable(context=context, **execute_callable_kwargs)
           ^^^^^^^^^^^^^^^^^^^^^^^^^^^^^^^^^^^^^^^^^^^^^^^^^^^^^^^^^^^^
  File "/home/airflow/.local/lib/python3.12/site-packages/airflow/models/baseoperator.py", line 401, in wrapper
    return func(self, *args, **kwargs)
           ^^^^^^^^^^^^^^^^^^^^^^^^^^^
  File "/home/airflow/.local/lib/python3.12/site-packages/airflow/operators/bash.py", line 243, in execute
    raise AirflowException(
airflow.exceptions.AirflowException: Bash command failed. The command returned a non-zero exit code 1.
[2026-02-12T02:05:08.411+0000] {taskinstance.py:1206} INFO - Marking task as FAILED. dag_id=weather_nb_daily_pipeline, task_id=load_to_postgres, run_id=manual__2026-02-12T02:04:59.104971+00:00, execution_date=20260212T020459, start_date=20260212T020506, end_date=20260212T020508
[2026-02-12T02:05:08.430+0000] {standard_task_runner.py:110} ERROR - Failed to execute job 28 for task load_to_postgres (Bash command failed. The command returned a non-zero exit code 1.; 197)
[2026-02-12T02:05:08.473+0000] {local_task_job_runner.py:243} INFO - Task exited with return code 1
[2026-02-12T02:05:08.509+0000] {taskinstance.py:3503} INFO - 0 downstream tasks scheduled from follow-on schedule check
[2026-02-12T02:05:08.515+0000] {local_task_job_runner.py:222} INFO - ::endgroup::
