[2026-02-12T01:47:44.711+0000] {local_task_job_runner.py:120} INFO - ::group::Pre task execution logs
[2026-02-12T01:47:44.747+0000] {taskinstance.py:2076} INFO - Dependencies all met for dep_context=non-requeueable deps ti=<TaskInstance: weather_nb_daily_pipeline.transform_nb_weather manual__2026-02-12T01:47:40.724250+00:00 [queued]>
[2026-02-12T01:47:44.754+0000] {taskinstance.py:2076} INFO - Dependencies all met for dep_context=requeueable deps ti=<TaskInstance: weather_nb_daily_pipeline.transform_nb_weather manual__2026-02-12T01:47:40.724250+00:00 [queued]>
[2026-02-12T01:47:44.755+0000] {taskinstance.py:2306} INFO - Starting attempt 1 of 1
[2026-02-12T01:47:44.766+0000] {taskinstance.py:2330} INFO - Executing <Task(BashOperator): transform_nb_weather> on 2026-02-12 01:47:40.724250+00:00
[2026-02-12T01:47:44.772+0000] {standard_task_runner.py:90} INFO - Running: ['airflow', 'tasks', 'run', 'weather_nb_daily_pipeline', 'transform_nb_weather', 'manual__2026-02-12T01:47:40.724250+00:00', '--job-id', '21', '--raw', '--subdir', 'DAGS_FOLDER/weather_nb_pipeline.py', '--cfg-path', '/tmp/tmp0z9vowo5']
[2026-02-12T01:47:44.775+0000] {standard_task_runner.py:91} INFO - Job 21: Subtask transform_nb_weather
[2026-02-12T01:47:44.775+0000] {logging_mixin.py:188} WARNING - /home/airflow/.local/lib/python3.12/site-packages/airflow/task/task_runner/standard_task_runner.py:62 DeprecationWarning: This process (pid=1068) is multi-threaded, use of fork() may lead to deadlocks in the child.
[2026-02-12T01:47:44.776+0000] {standard_task_runner.py:64} INFO - Started process 1069 to run task
[2026-02-12T01:47:44.838+0000] {task_command.py:426} INFO - Running <TaskInstance: weather_nb_daily_pipeline.transform_nb_weather manual__2026-02-12T01:47:40.724250+00:00 [running]> on host bea6b3a6b4ab
[2026-02-12T01:47:44.930+0000] {taskinstance.py:2648} INFO - Exporting env vars: AIRFLOW_CTX_DAG_OWNER='airflow' AIRFLOW_CTX_DAG_ID='weather_nb_daily_pipeline' AIRFLOW_CTX_TASK_ID='transform_nb_weather' AIRFLOW_CTX_EXECUTION_DATE='2026-02-12T01:47:40.724250+00:00' AIRFLOW_CTX_TRY_NUMBER='1' AIRFLOW_CTX_DAG_RUN_ID='manual__2026-02-12T01:47:40.724250+00:00'
[2026-02-12T01:47:44.931+0000] {taskinstance.py:430} INFO - ::endgroup::
[2026-02-12T01:47:44.946+0000] {subprocess.py:63} INFO - Tmp dir *** location: /tmp
[2026-02-12T01:47:44.947+0000] {subprocess.py:75} INFO - Running command: ['/usr/bin/bash', '-c', 'uv run python /opt/airflow/project/transform_weather.py']
[2026-02-12T01:47:44.956+0000] {subprocess.py:86} INFO - Output:
[2026-02-12T01:47:44.962+0000] {subprocess.py:93} INFO - warning: `uv run` is experimental and may change without warning
[2026-02-12T01:47:45.826+0000] {subprocess.py:93} INFO - Traceback (most recent call last):
[2026-02-12T01:47:45.826+0000] {subprocess.py:93} INFO -   File "/opt/airflow/project/transform_weather.py", line 27, in <module>
[2026-02-12T01:47:45.830+0000] {subprocess.py:93} INFO -     raw_path = latest_file("data/raw/weather_nb_*.json")
[2026-02-12T01:47:45.830+0000] {subprocess.py:93} INFO -                ^^^^^^^^^^^^^^^^^^^^^^^^^^^^^^^^^^^^^^^^^
[2026-02-12T01:47:45.830+0000] {subprocess.py:93} INFO -   File "/opt/airflow/project/transform_weather.py", line 9, in latest_file
[2026-02-12T01:47:45.831+0000] {subprocess.py:93} INFO -     raise FileNotFoundError(f"No files found matching: {pattern}")
[2026-02-12T01:47:45.832+0000] {subprocess.py:93} INFO - FileNotFoundError: No files found matching: data/raw/weather_nb_*.json
[2026-02-12T01:47:45.883+0000] {subprocess.py:97} INFO - Command exited with return code 1
[2026-02-12T01:47:45.884+0000] {taskinstance.py:441} INFO - ::group::Post task execution logs
[2026-02-12T01:47:45.896+0000] {taskinstance.py:2905} ERROR - Task failed with exception
Traceback (most recent call last):
  File "/home/airflow/.local/lib/python3.12/site-packages/airflow/models/taskinstance.py", line 465, in _execute_task
    result = _execute_callable(context=context, **execute_callable_kwargs)
             ^^^^^^^^^^^^^^^^^^^^^^^^^^^^^^^^^^^^^^^^^^^^^^^^^^^^^^^^^^^^^
  File "/home/airflow/.local/lib/python3.12/site-packages/airflow/models/taskinstance.py", line 432, in _execute_callable
    return execute_callable(context=context, **execute_callable_kwargs)
           ^^^^^^^^^^^^^^^^^^^^^^^^^^^^^^^^^^^^^^^^^^^^^^^^^^^^^^^^^^^^
  File "/home/airflow/.local/lib/python3.12/site-packages/airflow/models/baseoperator.py", line 401, in wrapper
    return func(self, *args, **kwargs)
           ^^^^^^^^^^^^^^^^^^^^^^^^^^^
  File "/home/airflow/.local/lib/python3.12/site-packages/airflow/operators/bash.py", line 243, in execute
    raise AirflowException(
airflow.exceptions.AirflowException: Bash command failed. The command returned a non-zero exit code 1.
[2026-02-12T01:47:45.900+0000] {taskinstance.py:1206} INFO - Marking task as FAILED. dag_id=weather_nb_daily_pipeline, task_id=transform_nb_weather, run_id=manual__2026-02-12T01:47:40.724250+00:00, execution_date=20260212T014740, start_date=20260212T014744, end_date=20260212T014745
[2026-02-12T01:47:45.912+0000] {standard_task_runner.py:110} ERROR - Failed to execute job 21 for task transform_nb_weather (Bash command failed. The command returned a non-zero exit code 1.; 1069)
[2026-02-12T01:47:45.954+0000] {local_task_job_runner.py:243} INFO - Task exited with return code 1
[2026-02-12T01:47:45.975+0000] {taskinstance.py:3503} INFO - 0 downstream tasks scheduled from follow-on schedule check
[2026-02-12T01:47:45.980+0000] {local_task_job_runner.py:222} INFO - ::endgroup::
